[02:12:50] [main/INFO]: Loaded 0 recipes
[02:12:50] [Server thread/INFO]: Starting minecraft server version 1.13.2
[02:12:50] [Server thread/INFO]: Loading properties
[02:12:50] [Server thread/INFO]: Default game type: SURVIVAL
[02:12:52] [Server thread/INFO]: This server is running CraftBukkit version git-Spigot-8173d06-7560d3b (MC: 1.13.2) (Implementing API version 1.13.2-R0.1-SNAPSHOT)
[02:12:52] [Server thread/INFO]: Server Ping Player Sample Count: 12
[02:12:52] [Server thread/INFO]: Using 4 threads for Netty based IO
[02:12:52] [Server thread/INFO]: Debug logging is disabled
[02:12:52] [Server thread/INFO]: Generating keypair
[02:12:53] [Server thread/INFO]: Starting Minecraft server on 192.168.1.18:25565
[02:12:53] [Server thread/INFO]: Using default channel type
[02:12:54] [Server thread/INFO]: **** Beginning UUID conversion, this may take A LONG time ****
[02:12:54] [Server thread/INFO]: Preparing level "world"
[02:12:54] [Server thread/INFO]: Reloading ResourceManager: Default, bukkit
[02:12:56] [Server thread/INFO]: Loaded 524 recipes
[02:12:59] [Server thread/INFO]: -------- World Settings For [world] --------
[02:12:59] [Server thread/INFO]: Entity Activation Range: An 32 / Mo 32 / Mi 16 / Tiv true
[02:12:59] [Server thread/INFO]: Entity Tracking Range: Pl 48 / An 48 / Mo 48 / Mi 32 / Other 64
[02:12:59] [Server thread/INFO]: Hopper Transfer: 8 Hopper Check: 1 Hopper Amount: 1
[02:12:59] [Server thread/INFO]: Random Lighting Updates: false
[02:12:59] [Server thread/INFO]: Custom Map Seeds:  Village: 10387312 Desert: 14357617 Igloo: 14357618 Jungle: 14357619 Swamp: 14357620 Monument: 10387313Ocean: 14357621 Shipwreck: 165745295 Slime: 987234911
[02:12:59] [Server thread/INFO]: Max TNT Explosions: 100
[02:12:59] [Server thread/INFO]: Mob Spawn Range: 6
[02:12:59] [Server thread/INFO]: Experience Merge Radius: 3.0
[02:12:59] [Server thread/INFO]: Cactus Growth Modifier: 100%
[02:12:59] [Server thread/INFO]: Cane Growth Modifier: 100%
[02:12:59] [Server thread/INFO]: Melon Growth Modifier: 100%
[02:12:59] [Server thread/INFO]: Mushroom Growth Modifier: 100%
[02:12:59] [Server thread/INFO]: Pumpkin Growth Modifier: 100%
[02:12:59] [Server thread/INFO]: Sapling Growth Modifier: 100%
[02:12:59] [Server thread/INFO]: Beetroot Growth Modifier: 100%
[02:12:59] [Server thread/INFO]: Carrot Growth Modifier: 100%
[02:12:59] [Server thread/INFO]: Potato Growth Modifier: 100%
[02:12:59] [Server thread/INFO]: Wheat Growth Modifier: 100%
[02:12:59] [Server thread/INFO]: NetherWart Growth Modifier: 100%
[02:12:59] [Server thread/INFO]: Vine Growth Modifier: 100%
[02:12:59] [Server thread/INFO]: Cocoa Growth Modifier: 100%
[02:12:59] [Server thread/INFO]: Tile Max Tick Time: 50ms Entity max Tick Time: 50ms
[02:12:59] [Server thread/INFO]: Zombie Aggressive Towards Villager: true
[02:12:59] [Server thread/INFO]: Nerfing mobs spawned from spawners: false
[02:12:59] [Server thread/INFO]: View Distance: 10
[02:12:59] [Server thread/INFO]: Allow Zombie Pigmen to spawn from portal blocks: true
[02:12:59] [Server thread/INFO]: Item Despawn Rate: 6000
[02:12:59] [Server thread/INFO]: Item Merge Radius: 2.5
[02:12:59] [Server thread/INFO]: Arrow Despawn Rate: 1200
[02:12:59] [Server thread/INFO]: -------- World Settings For [world_nether] --------
[02:12:59] [Server thread/INFO]: Entity Activation Range: An 32 / Mo 32 / Mi 16 / Tiv true
[02:12:59] [Server thread/INFO]: Entity Tracking Range: Pl 48 / An 48 / Mo 48 / Mi 32 / Other 64
[02:12:59] [Server thread/INFO]: Hopper Transfer: 8 Hopper Check: 1 Hopper Amount: 1
[02:12:59] [Server thread/INFO]: Random Lighting Updates: false
[02:12:59] [Server thread/INFO]: Custom Map Seeds:  Village: 10387312 Desert: 14357617 Igloo: 14357618 Jungle: 14357619 Swamp: 14357620 Monument: 10387313Ocean: 14357621 Shipwreck: 165745295 Slime: 987234911
[02:12:59] [Server thread/INFO]: Max TNT Explosions: 100
[02:12:59] [Server thread/INFO]: Mob Spawn Range: 6
[02:12:59] [Server thread/INFO]: Experience Merge Radius: 3.0
[02:12:59] [Server thread/INFO]: Cactus Growth Modifier: 100%
[02:12:59] [Server thread/INFO]: Cane Growth Modifier: 100%
[02:12:59] [Server thread/INFO]: Melon Growth Modifier: 100%
[02:12:59] [Server thread/INFO]: Mushroom Growth Modifier: 100%
[02:12:59] [Server thread/INFO]: Pumpkin Growth Modifier: 100%
[02:12:59] [Server thread/INFO]: Sapling Growth Modifier: 100%
[02:12:59] [Server thread/INFO]: Beetroot Growth Modifier: 100%
[02:12:59] [Server thread/INFO]: Carrot Growth Modifier: 100%
[02:12:59] [Server thread/INFO]: Potato Growth Modifier: 100%
[02:12:59] [Server thread/INFO]: Wheat Growth Modifier: 100%
[02:12:59] [Server thread/INFO]: NetherWart Growth Modifier: 100%
[02:12:59] [Server thread/INFO]: Vine Growth Modifier: 100%
[02:12:59] [Server thread/INFO]: Cocoa Growth Modifier: 100%
[02:12:59] [Server thread/INFO]: Tile Max Tick Time: 50ms Entity max Tick Time: 50ms
[02:12:59] [Server thread/INFO]: Zombie Aggressive Towards Villager: true
[02:12:59] [Server thread/INFO]: Nerfing mobs spawned from spawners: false
[02:12:59] [Server thread/INFO]: View Distance: 10
[02:12:59] [Server thread/INFO]: Allow Zombie Pigmen to spawn from portal blocks: true
[02:12:59] [Server thread/INFO]: Item Despawn Rate: 6000
[02:12:59] [Server thread/INFO]: Item Merge Radius: 2.5
[02:12:59] [Server thread/INFO]: Arrow Despawn Rate: 1200
[02:12:59] [Server thread/INFO]: -------- World Settings For [world_the_end] --------
[02:12:59] [Server thread/INFO]: Entity Activation Range: An 32 / Mo 32 / Mi 16 / Tiv true
[02:12:59] [Server thread/INFO]: Entity Tracking Range: Pl 48 / An 48 / Mo 48 / Mi 32 / Other 64
[02:12:59] [Server thread/INFO]: Hopper Transfer: 8 Hopper Check: 1 Hopper Amount: 1
[02:12:59] [Server thread/INFO]: Random Lighting Updates: false
[02:12:59] [Server thread/INFO]: Custom Map Seeds:  Village: 10387312 Desert: 14357617 Igloo: 14357618 Jungle: 14357619 Swamp: 14357620 Monument: 10387313Ocean: 14357621 Shipwreck: 165745295 Slime: 987234911
[02:12:59] [Server thread/INFO]: Max TNT Explosions: 100
[02:12:59] [Server thread/INFO]: Mob Spawn Range: 6
[02:12:59] [Server thread/INFO]: Experience Merge Radius: 3.0
[02:12:59] [Server thread/INFO]: Cactus Growth Modifier: 100%
[02:12:59] [Server thread/INFO]: Cane Growth Modifier: 100%
[02:12:59] [Server thread/INFO]: Melon Growth Modifier: 100%
[02:12:59] [Server thread/INFO]: Mushroom Growth Modifier: 100%
[02:12:59] [Server thread/INFO]: Pumpkin Growth Modifier: 100%
[02:12:59] [Server thread/INFO]: Sapling Growth Modifier: 100%
[02:12:59] [Server thread/INFO]: Beetroot Growth Modifier: 100%
[02:12:59] [Server thread/INFO]: Carrot Growth Modifier: 100%
[02:12:59] [Server thread/INFO]: Potato Growth Modifier: 100%
[02:12:59] [Server thread/INFO]: Wheat Growth Modifier: 100%
[02:12:59] [Server thread/INFO]: NetherWart Growth Modifier: 100%
[02:12:59] [Server thread/INFO]: Vine Growth Modifier: 100%
[02:12:59] [Server thread/INFO]: Cocoa Growth Modifier: 100%
[02:12:59] [Server thread/INFO]: Tile Max Tick Time: 50ms Entity max Tick Time: 50ms
[02:12:59] [Server thread/INFO]: Zombie Aggressive Towards Villager: true
[02:12:59] [Server thread/INFO]: Nerfing mobs spawned from spawners: false
[02:12:59] [Server thread/INFO]: View Distance: 10
[02:12:59] [Server thread/INFO]: Allow Zombie Pigmen to spawn from portal blocks: true
[02:12:59] [Server thread/INFO]: Item Despawn Rate: 6000
[02:12:59] [Server thread/INFO]: Item Merge Radius: 2.5
[02:12:59] [Server thread/INFO]: Arrow Despawn Rate: 1200
[02:12:59] [Server thread/INFO]: Preparing start region for level minecraft:overworld (Seed: -2473152064660833158)
[02:13:00] [Server thread/INFO]: Preparing spawn area: 4%
[02:13:01] [Server thread/INFO]: Preparing spawn area: 8%
[02:13:01] [Server thread/INFO]: Preparing spawn area: 12%
[02:13:02] [Server thread/INFO]: Preparing spawn area: 16%
[02:13:02] [Server thread/INFO]: Preparing spawn area: 20%
[02:13:03] [Server thread/INFO]: Preparing spawn area: 24%
[02:13:03] [Server thread/INFO]: Preparing spawn area: 28%
[02:13:04] [Server thread/INFO]: Preparing spawn area: 32%
[02:13:04] [Server thread/INFO]: Preparing spawn area: 36%
[02:13:05] [Server thread/INFO]: Preparing spawn area: 40%
[02:13:05] [Server thread/INFO]: Preparing spawn area: 44%
[02:13:05] [Server thread/INFO]: Preparing spawn area: 48%
[02:13:06] [Server thread/INFO]: Preparing spawn area: 52%
[02:13:06] [Server thread/INFO]: Preparing spawn area: 56%
[02:13:07] [Server thread/INFO]: Preparing spawn area: 60%
[02:13:07] [Server thread/INFO]: Preparing spawn area: 64%
[02:13:08] [Server thread/INFO]: Preparing spawn area: 68%
[02:13:08] [Server thread/INFO]: Preparing spawn area: 72%
[02:13:08] [Server thread/INFO]: Preparing spawn area: 76%
[02:13:09] [Server thread/INFO]: Preparing spawn area: 80%
[02:13:09] [Server thread/INFO]: Preparing spawn area: 84%
[02:13:09] [Server thread/INFO]: Preparing spawn area: 88%
[02:13:10] [Server thread/INFO]: Preparing spawn area: 92%
[02:13:10] [Server thread/INFO]: Preparing spawn area: 96%
[02:13:11] [Server thread/INFO]: Preparing spawn area: 100%
[02:13:11] [Server thread/INFO]: Preparing start region for level minecraft:the_end (Seed: -2473152064660833158)
[02:13:11] [Server thread/INFO]: Preparing spawn area: 4%
[02:13:11] [Server thread/INFO]: Preparing spawn area: 8%
[02:13:11] [Server thread/INFO]: Preparing spawn area: 12%
[02:13:11] [Server thread/INFO]: Preparing spawn area: 16%
[02:13:11] [Server thread/INFO]: Preparing spawn area: 20%
[02:13:11] [Server thread/INFO]: Preparing spawn area: 24%
[02:13:11] [Server thread/INFO]: Preparing spawn area: 28%
[02:13:11] [Server thread/INFO]: Preparing spawn area: 32%
[02:13:11] [Server thread/INFO]: Preparing spawn area: 36%
[02:13:11] [Server thread/INFO]: Preparing spawn area: 40%
[02:13:12] [Server thread/INFO]: Preparing spawn area: 44%
[02:13:12] [Server thread/INFO]: Preparing spawn area: 48%
[02:13:12] [Server thread/INFO]: Preparing spawn area: 52%
[02:13:12] [Server thread/INFO]: Preparing spawn area: 56%
[02:13:12] [Server thread/INFO]: Preparing spawn area: 60%
[02:13:12] [Server thread/INFO]: Preparing spawn area: 64%
[02:13:13] [Server thread/INFO]: Preparing spawn area: 68%
[02:13:13] [Server thread/INFO]: Preparing spawn area: 72%
[02:13:13] [Server thread/INFO]: Preparing spawn area: 76%
[02:13:13] [Server thread/INFO]: Preparing spawn area: 80%
[02:13:13] [Server thread/INFO]: Preparing spawn area: 84%
[02:13:13] [Server thread/INFO]: Preparing spawn area: 88%
[02:13:13] [Server thread/INFO]: Preparing spawn area: 92%
[02:13:13] [Server thread/INFO]: Preparing spawn area: 96%
[02:13:13] [Server thread/INFO]: Preparing spawn area: 100%
[02:13:13] [Server thread/INFO]: Preparing start region for level minecraft:the_nether (Seed: -2473152064660833158)
[02:13:14] [Server thread/INFO]: Preparing spawn area: 4%
[02:13:14] [Server thread/INFO]: Preparing spawn area: 8%
[02:13:15] [Server thread/INFO]: Preparing spawn area: 12%
[02:13:15] [Server thread/INFO]: Preparing spawn area: 16%
[02:13:16] [Server thread/INFO]: Preparing spawn area: 20%
[02:13:16] [Server thread/INFO]: Preparing spawn area: 24%
[02:13:17] [Server thread/INFO]: Preparing spawn area: 28%
[02:13:17] [Server thread/INFO]: Preparing spawn area: 32%
[02:13:18] [Server thread/INFO]: Preparing spawn area: 36%
[02:13:18] [Server thread/INFO]: Preparing spawn area: 40%
[02:13:19] [Server thread/INFO]: Preparing spawn area: 44%
[02:13:19] [Server thread/INFO]: Preparing spawn area: 48%
[02:13:20] [Server thread/INFO]: Preparing spawn area: 52%
[02:13:20] [Server thread/INFO]: Preparing spawn area: 56%
[02:13:21] [Server thread/INFO]: Preparing spawn area: 60%
[02:13:21] [Server thread/INFO]: Preparing spawn area: 64%
[02:13:22] [Server thread/INFO]: Preparing spawn area: 68%
[02:13:23] [Server thread/INFO]: Preparing spawn area: 72%
[02:13:23] [Server thread/INFO]: Preparing spawn area: 76%
[02:13:24] [Server thread/INFO]: Preparing spawn area: 80%
[02:13:24] [Server thread/INFO]: Preparing spawn area: 84%
[02:13:25] [Server thread/INFO]: Preparing spawn area: 88%
[02:13:25] [Server thread/INFO]: Preparing spawn area: 92%
[02:13:26] [Server thread/INFO]: Preparing spawn area: 96%
[02:13:26] [Server thread/INFO]: Preparing spawn area: 100%
[02:13:26] [Server thread/INFO]: Time elapsed: 26799 ms
[02:13:26] [Server thread/INFO]: Server permissions file permissions.yml is empty, ignoring it
[02:13:26] [Server thread/INFO]: Done (32.551s)! For help, type "help"
[02:15:25] [User Authenticator #1/INFO]: UUID of player ChichilargoIII is 793c152e-13c5-434c-9e27-24a5103baed5
[02:15:36] [Server thread/INFO]: ChichilargoIII[/86.242.51.29:61922] logged in with entity id 300 at ([world]-139.19339807585771, 72.0, -248.92096489684116)
[02:16:23] [Server thread/INFO]: ChichilargoIII lost connection: Disconnected
[02:16:23] [Server thread/INFO]: ChichilargoIII left the game
[13:24:43] [Server thread/INFO]: Unknown command. Type "/help" for help.[m
[13:24:52] [Server thread/INFO]: Stopping the server
[13:24:52] [Server thread/INFO]: Stopping server
[13:24:52] [Server thread/INFO]: Saving players
[13:24:52] [Server thread/INFO]: Saving worlds
[13:24:52] [Server thread/INFO]: Saving chunks for level 'world'/minecraft:overworld
[13:24:53] [Server thread/INFO]: Saving chunks for level 'world_the_end'/minecraft:the_end
[13:24:53] [Server thread/INFO]: Saving chunks for level 'world_nether'/minecraft:the_nether
